/*----------------------------------------------------------------
%W%  %G%
Input/121l02.lgn 1.1 translated Wed Mar 11 18:15:51 1992 by ntscable %I%
source file syntax: Eutectic
output file syntax: CABLE
soma: diameter = 17.4622 um  length = 39.6793 um  area = 2176.78 um2
      38 three-D points; 44 outline points numbered 1-44
      outline diameter = 22.0251 um
5 primary neurites
49 branches totaling 5361.86 um in length, 21389.3 um2 in area
3173 tree points translated to 92 segments (1 requested)
Neurites divided into segments of equal dx between adjacent digitized
branch points.
Segment length constrained to be < 5361.86 um.
@(#)121l02.lgn	1.1 6/11/90
ASCII version of LGN relay cell received May 1990
from J. Capowski.  Digitized by Chie-Fang Hsiao in
the lab of Mark Dubin, University of Colorado. M. Dubin
can be reached at (303) 492-8595.

No. points   3217
No. trees       6
Text  121l02 merged, no rotation, type 2, normal eye                                                                          

----------------------------------------------------------------*/


/*----------------------------------------------------------------*/
proc init_topology_0() {

    fcbs(0)
    fcbs(1, 1, 0)
    fcbs(2, 4, 0)
    fcbs(5, 8, 3)
    fcbs(9, 10, 7)
    fcbs(11, 11, 9)
    fcbs(12, 13, 6)
    fcbs(14, 14, 12)
    fcbs(15, 15, 5)
    fcbs(16, 17, 2)
    fcbs(18, 19, 16)
    fcbs(20, 21, 18)
    fcbs(22, 24, 20)
    fcbs(25, 25, 23)
    fcbs(26, 26, 22)
    fcbs(27, 29, 0)
    fcbs(30, 30, 28)
    fcbs(31, 31, 28)
    fcbs(32, 34, 27)
    fcbs(35, 36, 33)
    fcbs(37, 38, 35)
    fcbs(39, 39, 37)
    fcbs(40, 41, 32)
    fcbs(42, 45, 40)
    fcbs(46, 47, 44)
    fcbs(48, 49, 46)
    fcbs(50, 51, 48)
    fcbs(52, 52, 50)
    fcbs(53, 53, 43)
    fcbs(54, 54, 42)
    fcbs(55, 56, 32)
    fcbs(57, 58, 55)
    fcbs(59, 60, 57)
    fcbs(61, 62, 59)
    fcbs(63, 64, 61)
    fcbs(65, 65, 63)
    fcbs(66, 68, 0)
    fcbs(69, 69, 67)
    fcbs(70, 71, 66)
    fcbs(72, 73, 70)
    fcbs(74, 75, 72)
    fcbs(76, 76, 74)
    fcbs(77, 79, 0)
    fcbs(80, 82, 78)
    fcbs(83, 84, 81)
    fcbs(85, 86, 83)
    fcbs(87, 87, 85)
    fcbs(88, 89, 80)
    fcbs(90, 90, 88)
    fcbs(91, 91, 77)
}


/*----------------------------------------------------------------*/
proc init_dx_0() { local i

    dx[1] = 54.9661
    dx[2] = 19.133
    dx[3] = 1.65831
    dx[4] = 30.5305
    dx[5] = 17.5581
    dx[6] = 36.6495
    dx[7] = 55.6885
    dx[8] = 43.7403
    dx[9] = 20.5292
    dx[10] = 128.585
    dx[11] = 149.994
    dx[12] = 0.5
    dx[13] = 109.865
    dx[14] = 140.621
    dx[15] = 173.651
    dx[16] = 59.5324
    dx[17] = 84.1479
    dx[18] = 36.4141
    dx[19] = 61.1365
    dx[20] = 8.50764
    dx[21] = 130.837
    dx[22] = 7.24906
    dx[23] = 53.6247
    dx[24] = 25.5416
    dx[25] = 42.2412
    dx[26] = 111.239
    dx[27] = 11.4927
    dx[28] = 65.1008
    dx[29] = 62.0482
    dx[30] = 149.145
    dx[31] = 106.597
    dx[32] = 23.6635
    dx[33] = 31.9095
    dx[34] = 16.2351
    dx[35] = 2.91421
    dx[36] = 41.9364
    dx[37] = 6.11591
    dx[38] = 145.645
    dx[39] = 98.3001
    dx[40] = 56.6373
    dx[41] = 130.702
    dx[42] = 2.12132
    dx[43] = 10.66
    dx[44] = 38.2214
    dx[45] = 19.8602
    dx[46] = 9.49827
    dx[47] = 81.7333
    dx[48] = 4.17959
    dx[49] = 120.804
    dx[50] = 6.00979
    dx[51] = 24.5896
    dx[52] = 2.12132
    dx[53] = 41.758
    dx[54] = 50.8406
    dx[55] = 10.9932
    dx[56] = 191.846
    dx[57] = 21.2967
    dx[58] = 32.2835
    dx[59] = 2.06155
    dx[60] = 43.3356
    dx[61] = 2.61803
    dx[62] = 30.5326
    dx[63] = 54.778
    dx[64] = 113.381
    dx[65] = 8.43524
    dx[66] = 32.7114
    dx[67] = 15.4687
    dx[68] = 161.513
    dx[69] = 185.473
    dx[70] = 22.8938
    dx[71] = 126.129
    dx[72] = 24.9599
    dx[73] = 87.3181
    dx[74] = 9.0444
    dx[75] = 158.044
    dx[76] = 67.8864
    dx[77] = 3.16228
    dx[78] = 68.398
    dx[79] = 38.5431
    dx[80] = 20.4404
    dx[81] = 18.8174
    dx[82] = 46.9551
    dx[83] = 10.38
    dx[84] = 124.592
    dx[85] = 26.1066
    dx[86] = 88.5812
    dx[87] = 115.468
    dx[88] = 18.6823
    dx[89] = 108.943
    dx[90] = 141.166
    dx[91] = 163.646
}


/*----------------------------------------------------------------*/
proc init_diam_0() { local i

    diam[1] = 1.04962
    diam[2] = 3.52656
    diam[3] = 2
    diam[4] = 0.761972
    diam[5] = 1.57145
    diam[6] = 2.32651
    diam[7] = 1.71101
    diam[8] = 1.0342
    diam[9] = 1.1853
    diam[10] = 1.10338
    diam[11] = 1.20557
    diam[12] = 3.3
    diam[13] = 1.08096
    diam[14] = 1.23491
    diam[15] = 1.16773
    diam[16] = 2.0315
    diam[17] = 1.03548
    diam[18] = 2.02729
    diam[19] = 1.4424
    diam[20] = 1.69619
    diam[21] = 1.20834
    diam[22] = 1.4385
    diam[23] = 1.3254
    diam[24] = 1.04284
    diam[25] = 1.13961
    diam[26] = 1.09624
    diam[27] = 4.22604
    diam[28] = 1.405
    diam[29] = 0.906803
    diam[30] = 1.0343
    diam[31] = 1.16493
    diam[32] = 4.32796
    diam[33] = 1.87587
    diam[34] = 1.01343
    diam[35] = 1.12426
    diam[36] = 1.13867
    diam[37] = 1.13229
    diam[38] = 1.23005
    diam[39] = 1.07133
    diam[40] = 2.03877
    diam[41] = 1.06066
    diam[42] = 1.86667
    diam[43] = 1.58463
    diam[44] = 1.36587
    diam[45] = 1.19923
    diam[46] = 1.2715
    diam[47] = 1.30682
    diam[48] = 1.38663
    diam[49] = 1.17734
    diam[50] = 1.36858
    diam[51] = 1.14318
    diam[52] = 1.3
    diam[53] = 1.03538
    diam[54] = 1.19388
    diam[55] = 2.54542
    diam[56] = 1.0653
    diam[57] = 1.52334
    diam[58] = 1.17268
    diam[59] = 1.8
    diam[60] = 1.17094
    diam[61] = 1.55729
    diam[62] = 1.54867
    diam[63] = 1.53044
    diam[64] = 1.07309
    diam[65] = 1.4612
    diam[66] = 2.83628
    diam[67] = 1.6439
    diam[68] = 1.05126
    diam[69] = 1.14644
    diam[70] = 2.28022
    diam[71] = 1.1171
    diam[72] = 1.68536
    diam[73] = 1.01288
    diam[74] = 1.4451
    diam[75] = 1.05275
    diam[76] = 1.15511
    diam[77] = 3.025
    diam[78] = 1.99188
    diam[79] = 0.916341
    diam[80] = 2.23669
    diam[81] = 1.80468
    diam[82] = 1.18098
    diam[83] = 1.30241
    diam[84] = 1.07867
    diam[85] = 1.44981
    diam[86] = 1.18532
    diam[87] = 1.17275
    diam[88] = 1.67496
    diam[89] = 1.03158
    diam[90] = 1.11294
    diam[91] = 1.40658
}


/*----------------------------------------------------------------*/
proc geometry() {

    init_topology_0()

    init_dx_0()

    init_diam_0()

					/* cylindrical soma geometry */
    diam[0] = 17.4622
    dx[0]   = 39.6793
    ra      = 75
    farea(3)
    area[0] = PI*diam[0]*dx[0]
    fcbs()

}

